0 info it worked if it ends with ok
1 verbose cli [
1 verbose cli   '/Users/vlqa/.nvm/versions/node/v23.7.0/bin/node',
1 verbose cli   '/Users/vlqa/Desktop/git_repositories/aqa_wdio_remastered/node_modules/.bin/npm',
1 verbose cli   'run',
1 verbose cli   'code-quality:fix'
1 verbose cli ]
2 info using npm@2.15.12
3 info using node@v23.7.0
4 verbose run-script [ 'precode-quality:fix', 'code-quality:fix', 'postcode-quality:fix' ]
5 info precode-quality:fix aqa-wdio-3@
6 info code-quality:fix aqa-wdio-3@
7 verbose unsafe-perm in lifecycle true
8 info aqa-wdio-3@ Failed to exec code-quality:fix script
9 verbose stack Error: aqa-wdio-3@ code-quality:fix: `npm run lint:fix`
9 verbose stack Exit status 1
9 verbose stack     at EventEmitter.<anonymous> (/Users/vlqa/Desktop/git_repositories/aqa_wdio_remastered/node_modules/npm/lib/utils/lifecycle.js:217:16)
9 verbose stack     at EventEmitter.emit (node:events:507:28)
9 verbose stack     at ChildProcess.<anonymous> (/Users/vlqa/Desktop/git_repositories/aqa_wdio_remastered/node_modules/npm/lib/utils/spawn.js:24:14)
9 verbose stack     at ChildProcess.emit (node:events:507:28)
9 verbose stack     at maybeClose (node:internal/child_process:1101:16)
9 verbose stack     at ChildProcess._handle.onexit (node:internal/child_process:305:5)
10 verbose pkgid aqa-wdio-3@
11 verbose cwd /Users/vlqa/Desktop/git_repositories/aqa_wdio_remastered
12 error Darwin 24.5.0
13 error argv "/Users/vlqa/.nvm/versions/node/v23.7.0/bin/node" "/Users/vlqa/Desktop/git_repositories/aqa_wdio_remastered/node_modules/.bin/npm" "run" "code-quality:fix"
14 error node v23.7.0
15 error npm  v2.15.12
16 error code ELIFECYCLE
17 error aqa-wdio-3@ code-quality:fix: `npm run lint:fix`
17 error Exit status 1
18 error Failed at the aqa-wdio-3@ code-quality:fix script 'npm run lint:fix'.
18 error This is most likely a problem with the aqa-wdio-3 package,
18 error not with npm itself.
18 error Tell the author that this fails on your system:
18 error     npm run lint:fix
18 error You can get information on how to open an issue for this project with:
18 error     npm bugs aqa-wdio-3
18 error Or if that isn't available, you can get their info via:
18 error
18 error     npm owner ls aqa-wdio-3
18 error There is likely additional logging output above.
19 verbose exit [ 1, true ]
